2024-07-21 15:27:01,034 INFO Chemin d'entraînement : C:\Users\yonie\Documents\GitHub\Bird-Image-Recognition\data\train
2024-07-21 15:27:01,034 INFO Chemin actuel : C:\Users\yonie\Documents\GitHub\Bird-Image-Recognition
2024-07-21 15:48:03,816 INFO Test accuracy: 0.7374829053878784
2024-07-21 15:48:03,831 INFO Final validation accuracy: 0.7395378351211548
2024-07-21 15:48:20,292 INFO Model saved successfully at C:\Users\yonie\Documents\GitHub\Bird-Image-Recognition\models\saved_model_20240721_152657
2024-07-21 16:29:12,461 INFO Chemin d'entraînement : C:\Users\yonie\Documents\GitHub\Bird-Image-Recognition\data\train
2024-07-21 16:29:12,479 INFO Chemin actuel : C:\Users\yonie\Documents\GitHub\Bird-Image-Recognition
2024-07-21 16:45:48,108 INFO Test accuracy: 0.7420263290405273
2024-07-21 16:45:48,108 INFO Final validation accuracy: 0.7404475808143616
2024-07-21 16:46:05,136 INFO Model saved successfully at C:\Users\yonie\Documents\GitHub\Bird-Image-Recognition\models\saved_model_20240721_162909
2024-07-21 16:58:54,211 INFO Chemin d'entraînement : C:\Users\yonie\Documents\GitHub\Bird-Image-Recognition\data\train
2024-07-21 16:58:54,212 INFO Chemin actuel : C:\Users\yonie\Documents\GitHub\Bird-Image-Recognition
2024-07-21 17:22:23,841 INFO Chemin d'entraînement : C:\Users\yonie\Documents\GitHub\Bird-Image-Recognition\data\train
2024-07-21 17:22:23,841 INFO Chemin actuel : C:\Users\yonie\Documents\GitHub\Bird-Image-Recognition
2024-07-21 17:38:58,306 INFO Test accuracy: 0.7288504838943481
2024-07-21 17:38:58,307 INFO Final validation accuracy: 0.7336244583129883
2024-07-21 17:39:18,272 INFO Model saved successfully at C:\Users\yonie\Documents\GitHub\Bird-Image-Recognition\models\saved_model_20240721_172220
2024-07-21 18:32:12,374 INFO Chemin d'entraînement : C:\Users\yonie\Documents\GitHub\Bird-Image-Recognition\data\train
2024-07-21 18:32:12,374 INFO Chemin actuel : C:\Users\yonie\Documents\GitHub\Bird-Image-Recognition
2024-07-21 19:00:16,205 INFO Test accuracy: 0.8174465894699097
2024-07-21 19:00:16,205 INFO Final validation accuracy: 0.8270560503005981
2024-07-21 19:00:31,896 INFO Model saved successfully at C:\Users\yonie\Documents\GitHub\Bird-Image-Recognition\models\saved_model_20240721_183209
2024-07-21 19:25:53,985 INFO Chemin d'entraînement : C:\Users\yonie\Documents\GitHub\Bird-Image-Recognition\data\train
2024-07-21 19:25:53,985 INFO Chemin actuel : C:\Users\yonie\Documents\GitHub\Bird-Image-Recognition
2024-07-21 19:41:35,111 INFO Test accuracy: 0.7518400549888611
2024-07-21 19:41:35,112 INFO Final validation accuracy: 0.7584607005119324
2024-07-21 19:41:53,896 INFO Model saved successfully at C:\Users\yonie\Documents\GitHub\Bird-Image-Recognition\models\saved_model_20240721_192550
2024-07-21 19:42:04,312 WARNING Dégradation des performances détectée. Ancienne accuracy: 0.8174465894699097, Nouvelle accuracy: 0.7518400549888611
2024-07-21 19:56:14,522 INFO Chemin d'entraînement : C:\Users\yonie\Documents\GitHub\Bird-Image-Recognition\data\train
2024-07-21 19:56:14,522 INFO Chemin actuel : C:\Users\yonie\Documents\GitHub\Bird-Image-Recognition
2024-07-21 20:11:32,261 INFO Test accuracy: 0.7267605066299438
2024-07-21 20:11:32,261 INFO Final validation accuracy: 0.7372635006904602
2024-07-21 20:11:48,711 INFO Model saved successfully at C:\Users\yonie\Documents\GitHub\Bird-Image-Recognition\models\saved_model_20240721_195611
2024-07-21 20:11:54,980 WARNING Dégradation des performances détectée. Ancienne accuracy: 0.8174465894699097, Nouvelle accuracy: 0.7267605066299438
